0 info it worked if it ends with ok
1 verbose cli [ '/usr/local/Cellar/node/7.6.0/bin/node',
1 verbose cli   '/usr/local/bin/npm',
1 verbose cli   'run',
1 verbose cli   'build:js' ]
2 info using npm@4.1.2
3 info using node@v7.6.0
4 verbose run-script [ 'prebuild:js', 'build:js', 'postbuild:js' ]
5 info lifecycle backend@1.0.0~prebuild:js: backend@1.0.0
6 silly lifecycle backend@1.0.0~prebuild:js: no script for prebuild:js, continuing
7 info lifecycle backend@1.0.0~build:js: backend@1.0.0
8 verbose lifecycle backend@1.0.0~build:js: unsafe-perm in lifecycle true
9 verbose lifecycle backend@1.0.0~build:js: PATH: /usr/local/lib/node_modules/npm/bin/node-gyp-bin:/Users/nicolekelley/Desktop/thinkful/levelUp/node_modules/.bin:/Users/nicolekelley/Desktop/thinkful/levelUp/node_modules/.bin:/Users/nicolekelley/.config/yarn/link/node_modules/.bin:/Users/nicolekelley/Desktop/thinkful/levelUp/node_modules/.bin:/Users/nicolekelley/.config/yarn/link/node_modules/.bin:/usr/local/Cellar/yarn/0.20.3/libexec/lib/node_modules/yarn/bin/node-gyp-bin:/Applications/Postgres.app/Contents/Versions/latest/bin:/usr/local:/usr/local/bin:/usr/local/sbin:/usr/bin:/Users/nicolekelley/.rvm/gems/ruby-2.3.0/bin:/Users/nicolekelley/.rvm/gems/ruby-2.3.0@global/bin:/Users/nicolekelley/.rvm/rubies/ruby-2.3.0/bin:/Applications/Postgres.app/Contents/Versions/latest/bin:/usr/local:/usr/local/bin:/usr/local/sbin:/usr/bin:/usr/local/bin:/usr/bin:/bin:/usr/sbin:/sbin:/Users/nicolekelley/.rvm/bin:/usr/local/Cellar/node/7.6.0/bin:/usr/local/Cellar/node/7.6.0/bin
10 verbose lifecycle backend@1.0.0~build:js: CWD: /Users/nicolekelley/Desktop/thinkful/levelUp
11 silly lifecycle backend@1.0.0~build:js: Args: [ '-c', 'npm run clean:js && webpack' ]
12 silly lifecycle backend@1.0.0~build:js: Returned: code: 2  signal: null
13 info lifecycle backend@1.0.0~build:js: Failed to exec build:js script
14 verbose stack Error: backend@1.0.0 build:js: `npm run clean:js && webpack`
14 verbose stack Exit status 2
14 verbose stack     at EventEmitter.<anonymous> (/usr/local/lib/node_modules/npm/lib/utils/lifecycle.js:279:16)
14 verbose stack     at emitTwo (events.js:106:13)
14 verbose stack     at EventEmitter.emit (events.js:192:7)
14 verbose stack     at ChildProcess.<anonymous> (/usr/local/lib/node_modules/npm/lib/utils/spawn.js:40:14)
14 verbose stack     at emitTwo (events.js:106:13)
14 verbose stack     at ChildProcess.emit (events.js:192:7)
14 verbose stack     at maybeClose (internal/child_process.js:890:16)
14 verbose stack     at Process.ChildProcess._handle.onexit (internal/child_process.js:226:5)
15 verbose pkgid backend@1.0.0
16 verbose cwd /Users/nicolekelley/Desktop/thinkful/levelUp
17 error Darwin 16.4.0
18 error argv "/usr/local/Cellar/node/7.6.0/bin/node" "/usr/local/bin/npm" "run" "build:js"
19 error node v7.6.0
20 error npm  v4.1.2
21 error code ELIFECYCLE
22 error backend@1.0.0 build:js: `npm run clean:js && webpack`
22 error Exit status 2
23 error Failed at the backend@1.0.0 build:js script 'npm run clean:js && webpack'.
23 error Make sure you have the latest version of node.js and npm installed.
23 error If you do, this is most likely a problem with the backend package,
23 error not with npm itself.
23 error Tell the author that this fails on your system:
23 error     npm run clean:js && webpack
23 error You can get information on how to open an issue for this project with:
23 error     npm bugs backend
23 error Or if that isn't available, you can get their info via:
23 error     npm owner ls backend
23 error There is likely additional logging output above.
24 verbose exit [ 1, true ]
